{
  "RSpec": {
    "coverage": {
      "/Users/lauravegavargas/turing_work/1mod/projects/futbol_2311/lib/game.rb": {
        "lines": [
          1,
          1,
          null,
          null,
          null,
          null,
          null,
          null,
          1,
          262042,
          262042,
          262042,
          262042,
          262042,
          262042,
          null,
          null
        ]
      },
      "/Users/lauravegavargas/turing_work/1mod/projects/futbol_2311/lib/team.rb": {
        "lines": [
          1,
          null,
          1,
          null,
          null,
          1,
          2623,
          2623,
          null,
          null
        ]
      },
      "/Users/lauravegavargas/turing_work/1mod/projects/futbol_2311/lib/game_factory.rb": {
        "lines": [
          1,
          null,
          1,
          null,
          1,
          null,
          1,
          102,
          102,
          null,
          null,
          1,
          99,
          262035,
          262035,
          262035,
          262035,
          262035,
          262035,
          262035,
          null,
          262035,
          null,
          99,
          null,
          null,
          1,
          7,
          175,
          null,
          null,
          null,
          1,
          27,
          27,
          675,
          453,
          null,
          675,
          null,
          27,
          null,
          null,
          1,
          9,
          null,
          null,
          1,
          1404,
          null,
          null,
          1,
          4,
          100,
          null,
          null,
          null,
          1,
          408,
          408,
          10200,
          1128,
          9072,
          1104,
          null,
          null,
          408,
          null,
          null,
          1,
          202,
          null,
          null,
          1,
          258,
          258,
          1904946,
          null,
          258,
          null,
          null,
          1,
          258,
          258,
          1904946,
          null,
          258,
          null,
          null
        ]
      },
      "/Users/lauravegavargas/turing_work/1mod/projects/futbol_2311/lib/team_factory.rb": {
        "lines": [
          1,
          null,
          1,
          null,
          1,
          null,
          null,
          1,
          88,
          88,
          null,
          null,
          1,
          86,
          2620,
          2620,
          2620,
          null,
          2620,
          null,
          86,
          null,
          null
        ]
      },
      "/Users/lauravegavargas/turing_work/1mod/projects/futbol_2311/lib/game_teams_factory.rb": {
        "lines": [
          1,
          null,
          1,
          null,
          1,
          null,
          null,
          1,
          101,
          101,
          null,
          null,
          1,
          107,
          523822,
          523822,
          523822,
          523822,
          523822,
          523822,
          523822,
          523822,
          523822,
          null,
          523822,
          null,
          107,
          null,
          null,
          1,
          11178,
          11178,
          11178,
          28015316,
          28015316,
          null,
          11178,
          null,
          null,
          1,
          5,
          5,
          205,
          null,
          5,
          null,
          null,
          1,
          33517,
          33517,
          472605629,
          84045481,
          null,
          null,
          33517,
          null,
          null,
          1,
          46,
          46,
          61250,
          11177,
          null,
          null,
          46,
          null,
          null,
          1,
          1,
          1,
          41,
          null,
          1,
          null,
          null,
          1,
          2,
          2,
          82,
          null,
          2,
          null,
          null,
          1,
          11179,
          11179,
          11179,
          11179,
          28015398,
          28015398,
          28015398,
          null,
          11179,
          335,
          10844,
          249,
          null,
          10595,
          null,
          null,
          null,
          1,
          46,
          46,
          61250,
          11177,
          null,
          null,
          46,
          null,
          null,
          1,
          1,
          1,
          41,
          null,
          1,
          null,
          null,
          1,
          11162,
          11162,
          28014932,
          null,
          11162,
          null,
          null,
          1,
          46,
          46,
          61250,
          11161,
          null,
          null,
          46,
          null,
          null,
          1,
          1,
          1,
          41,
          null,
          1,
          null,
          null,
          1,
          3,
          126,
          null,
          null,
          null,
          1,
          168,
          null,
          null
        ]
      },
      "/Users/lauravegavargas/turing_work/1mod/projects/futbol_2311/lib/game_teams.rb": {
        "lines": [
          1,
          null,
          1,
          null,
          null,
          null,
          null,
          null,
          null,
          null,
          null,
          1,
          523832,
          523832,
          523832,
          523832,
          523832,
          523832,
          523832,
          523832,
          null,
          null,
          1,
          472789626,
          472789626,
          472789626,
          null,
          null
        ]
      },
      "/Users/lauravegavargas/turing_work/1mod/projects/futbol_2311/lib/stat_tracker_calculator.rb": {
        "lines": [
          1,
          1,
          1,
          1,
          1,
          1,
          1,
          1,
          null,
          null,
          null,
          1,
          1,
          1,
          1,
          null,
          null,
          1,
          2,
          null,
          null,
          1,
          2,
          null,
          null,
          1,
          34,
          null,
          null,
          1,
          34,
          null,
          null,
          1,
          2,
          null,
          null,
          1,
          1,
          1,
          25,
          null,
          1,
          null,
          null,
          1,
          1,
          null,
          null,
          1,
          1,
          1,
          25,
          null,
          1,
          null,
          null,
          1,
          2,
          null,
          null,
          1,
          2,
          50,
          50,
          null,
          66,
          null,
          null,
          1,
          2,
          50,
          50,
          null,
          66,
          null,
          null,
          1,
          2,
          64,
          null,
          null,
          null,
          1,
          2,
          64,
          null,
          null,
          null,
          1,
          2,
          64,
          null,
          null,
          null,
          1,
          2,
          64,
          null,
          null,
          null,
          1,
          2,
          2,
          68,
          null,
          null,
          null,
          1,
          2,
          2,
          68,
          null,
          null,
          null,
          1,
          2,
          2,
          60,
          null,
          66,
          null,
          null,
          1,
          2,
          2,
          60,
          null,
          66,
          null,
          null,
          1,
          2,
          2,
          60,
          null,
          66,
          null,
          null,
          1,
          2,
          2,
          60,
          null,
          66,
          null,
          null
        ]
      },
      "/Users/lauravegavargas/turing_work/1mod/projects/futbol_2311/lib/stat_tracker.rb": {
        "lines": [
          1,
          null,
          1,
          null,
          1,
          null,
          null,
          null,
          1,
          86,
          86,
          86,
          null,
          null,
          1,
          83,
          83,
          83,
          null,
          null,
          1,
          82,
          82,
          82,
          null,
          null,
          1,
          81,
          81,
          81,
          81,
          81,
          81,
          81,
          null,
          null
        ]
      },
      "/Users/lauravegavargas/turing_work/1mod/projects/futbol_2311/spec/game_spec.rb": {
        "lines": [
          1,
          null,
          1,
          1,
          1,
          7,
          7,
          null,
          null,
          1,
          1,
          null,
          null,
          1,
          1,
          null,
          null,
          1,
          1,
          null,
          null,
          1,
          1,
          null,
          null,
          1,
          1,
          null,
          null,
          1,
          1,
          null,
          null,
          1,
          1,
          null,
          null,
          null
        ]
      },
      "/Users/lauravegavargas/turing_work/1mod/projects/futbol_2311/spec/game_teams_factory_spec.rb": {
        "lines": [
          1,
          null,
          1,
          1,
          18,
          18,
          null,
          null,
          1,
          1,
          1,
          null,
          null,
          1,
          1,
          null,
          null,
          null,
          1,
          1,
          1,
          83,
          null,
          null,
          1,
          1,
          1,
          1,
          1,
          1,
          1,
          1,
          1,
          null,
          null,
          null,
          1,
          1,
          1,
          null,
          1,
          null,
          null,
          null,
          1,
          1,
          1,
          null,
          1,
          21,
          null,
          null,
          null,
          1,
          1,
          1,
          null,
          1,
          null,
          null,
          null,
          1,
          1,
          1,
          null,
          1,
          null,
          null,
          null,
          1,
          1,
          1,
          null,
          null,
          null,
          1,
          1,
          1,
          null,
          1,
          null,
          null,
          null,
          1,
          1,
          1,
          null,
          1,
          null,
          null,
          null,
          null,
          null,
          null,
          null,
          null,
          null,
          null,
          1,
          1,
          1,
          null,
          1,
          null,
          null,
          null,
          1,
          1,
          1,
          null,
          1,
          1,
          null,
          null,
          null,
          1,
          1,
          1,
          1,
          null,
          null,
          null,
          1,
          1,
          1,
          null,
          1,
          null,
          null,
          null,
          1,
          1,
          1,
          null,
          1,
          null,
          null,
          1,
          1,
          1,
          null,
          1,
          null,
          null,
          1,
          1,
          null,
          1,
          null,
          null,
          null,
          null
        ]
      },
      "/Users/lauravegavargas/turing_work/1mod/projects/futbol_2311/spec/game_teams_spec.rb": {
        "lines": [
          1,
          null,
          1,
          1,
          null,
          10,
          null,
          null,
          null,
          10,
          null,
          null,
          1,
          1,
          1,
          null,
          null,
          1,
          1,
          null,
          null,
          1,
          1,
          null,
          null,
          1,
          1,
          null,
          null,
          1,
          1,
          null,
          null,
          1,
          1,
          null,
          null,
          1,
          1,
          null,
          null,
          1,
          1,
          null,
          null,
          1,
          1,
          null,
          null,
          null,
          1,
          1,
          1,
          null,
          null,
          null,
          null,
          null,
          null,
          null
        ]
      },
      "/Users/lauravegavargas/turing_work/1mod/projects/futbol_2311/spec/stat_tracker_calculator_spec.rb": {
        "lines": [
          1,
          null,
          1,
          1,
          1,
          1,
          1,
          null,
          null,
          null,
          1,
          40,
          40,
          40,
          40,
          40,
          40,
          null,
          null,
          1,
          null,
          1,
          1,
          null,
          null,
          1,
          1,
          null,
          null,
          null,
          1,
          null,
          1,
          1,
          null,
          null,
          1,
          1,
          null,
          null,
          null,
          1,
          1,
          1,
          null,
          null,
          1,
          1,
          null,
          null,
          1,
          1,
          1,
          null,
          null,
          1,
          1,
          null,
          null,
          null,
          1,
          1,
          1,
          null,
          null,
          1,
          1,
          null,
          null,
          null,
          1,
          1,
          1,
          null,
          1,
          null,
          1,
          null,
          null,
          null,
          1,
          1,
          1,
          null,
          1,
          null,
          1,
          null,
          null,
          null,
          1,
          1,
          1,
          null,
          1,
          null,
          1,
          null,
          null,
          null,
          1,
          1,
          1,
          null,
          null,
          1,
          1,
          null,
          null,
          null,
          1,
          1,
          1,
          null,
          null,
          1,
          1,
          null,
          null,
          null,
          1,
          1,
          1,
          null,
          null,
          1,
          1,
          null,
          null,
          null,
          1,
          35,
          35,
          35,
          35,
          35,
          35,
          null,
          null,
          1,
          1,
          1,
          null,
          null,
          1,
          1,
          null,
          null,
          null,
          1,
          1,
          1,
          null,
          null,
          1,
          1,
          null,
          null,
          null,
          1,
          1,
          1,
          null,
          null,
          1,
          1,
          null,
          null,
          null,
          1,
          1,
          1,
          null,
          null,
          1,
          1,
          null,
          null,
          null,
          1,
          1,
          1,
          null,
          null,
          1,
          1,
          null,
          null,
          null,
          1,
          1,
          1,
          null,
          null,
          1,
          1,
          null,
          null,
          null,
          1,
          1,
          1,
          null,
          null,
          1,
          1,
          null,
          null,
          null,
          1,
          1,
          1,
          null,
          null,
          1,
          1,
          null,
          null,
          null,
          1,
          1,
          1,
          null,
          null,
          1,
          1,
          null,
          null,
          null,
          1,
          1,
          1,
          null,
          null,
          1,
          1,
          null,
          null,
          null,
          null
        ]
      },
      "/Users/lauravegavargas/turing_work/1mod/projects/futbol_2311/spec/stat_tracker_spec.rb": {
        "lines": [
          1,
          null,
          1,
          1,
          5,
          null,
          null,
          1,
          1,
          1,
          null,
          null,
          1,
          1,
          1,
          1,
          null,
          null,
          null,
          1,
          5,
          5,
          5,
          5,
          null,
          5,
          null,
          null,
          1,
          1,
          1,
          1,
          1,
          1,
          null,
          null,
          null,
          1,
          1,
          1,
          null,
          1,
          1,
          1,
          null,
          null,
          null,
          1,
          1,
          1,
          1,
          null,
          26,
          21,
          42,
          null,
          null,
          null
        ]
      },
      "/Users/lauravegavargas/turing_work/1mod/projects/futbol_2311/spec/team_factory_spec.rb": {
        "lines": [
          1,
          null,
          1,
          1,
          null,
          5,
          5,
          null,
          null,
          1,
          null,
          1,
          null,
          1,
          null,
          null,
          1,
          null,
          1,
          null,
          null,
          1,
          1,
          null,
          null,
          null,
          1,
          1,
          null,
          1,
          41,
          null,
          null,
          1,
          null,
          1,
          1,
          null,
          null,
          null,
          null
        ]
      },
      "/Users/lauravegavargas/turing_work/1mod/projects/futbol_2311/spec/team_spec.rb": {
        "lines": [
          1,
          null,
          1,
          1,
          null,
          1,
          3,
          3,
          null,
          null,
          1,
          null,
          1,
          null,
          null,
          null,
          1,
          null,
          1,
          null,
          null,
          null,
          1,
          null,
          1,
          null,
          null,
          null,
          null
        ]
      }
    },
    "timestamp": 1705356636
  }
}
